<?xml version="1.0" encoding="UTF-8"?>
<coverage generated="1689773748274" clover="3.2.0">
  <project timestamp="1689773748274" name="All files">
    <metrics statements="384" coveredstatements="355" conditionals="38" coveredconditionals="34" methods="10" coveredmethods="9" elements="432" coveredelements="398" complexity="0" loc="384" ncloc="384" packages="1" files="1" classes="1"/>
    <file name="index.ts" path="/home/brenno/projects/github/bitcask/src/index.ts">
      <metrics statements="384" coveredstatements="355" conditionals="38" coveredconditionals="34" methods="10" coveredmethods="9"/>
      <line num="1" count="1" type="stmt"/>
      <line num="2" count="1" type="stmt"/>
      <line num="3" count="1" type="stmt"/>
      <line num="4" count="1" type="stmt"/>
      <line num="5" count="1" type="stmt"/>
      <line num="6" count="1" type="stmt"/>
      <line num="7" count="1" type="stmt"/>
      <line num="8" count="1" type="stmt"/>
      <line num="9" count="1" type="stmt"/>
      <line num="10" count="1" type="stmt"/>
      <line num="11" count="1" type="stmt"/>
      <line num="12" count="1" type="stmt"/>
      <line num="13" count="1" type="stmt"/>
      <line num="14" count="1" type="stmt"/>
      <line num="15" count="1" type="stmt"/>
      <line num="16" count="1" type="stmt"/>
      <line num="17" count="1" type="stmt"/>
      <line num="18" count="1" type="stmt"/>
      <line num="19" count="1" type="stmt"/>
      <line num="20" count="1" type="stmt"/>
      <line num="21" count="1" type="stmt"/>
      <line num="22" count="1" type="stmt"/>
      <line num="23" count="1" type="stmt"/>
      <line num="24" count="1" type="stmt"/>
      <line num="25" count="1" type="stmt"/>
      <line num="26" count="1" type="stmt"/>
      <line num="27" count="1" type="stmt"/>
      <line num="28" count="1" type="stmt"/>
      <line num="29" count="1" type="stmt"/>
      <line num="30" count="1" type="stmt"/>
      <line num="31" count="1" type="stmt"/>
      <line num="32" count="1" type="stmt"/>
      <line num="33" count="1" type="stmt"/>
      <line num="34" count="1" type="stmt"/>
      <line num="35" count="1" type="stmt"/>
      <line num="36" count="1" type="stmt"/>
      <line num="37" count="1" type="stmt"/>
      <line num="38" count="1" type="stmt"/>
      <line num="39" count="1" type="stmt"/>
      <line num="40" count="1" type="stmt"/>
      <line num="41" count="1" type="stmt"/>
      <line num="42" count="1" type="stmt"/>
      <line num="43" count="1" type="stmt"/>
      <line num="44" count="1" type="stmt"/>
      <line num="45" count="1" type="stmt"/>
      <line num="46" count="1" type="stmt"/>
      <line num="47" count="1" type="cond" truecount="1" falsecount="0"/>
      <line num="48" count="21" type="stmt"/>
      <line num="49" count="21" type="stmt"/>
      <line num="50" count="21" type="stmt"/>
      <line num="51" count="0" type="cond" truecount="0" falsecount="1"/>
      <line num="52" count="0" type="stmt"/>
      <line num="53" count="0" type="stmt"/>
      <line num="54" count="0" type="stmt"/>
      <line num="55" count="0" type="stmt"/>
      <line num="56" count="1" type="stmt"/>
      <line num="57" count="1" type="cond" truecount="1" falsecount="0"/>
      <line num="58" count="14" type="stmt"/>
      <line num="59" count="14" type="stmt"/>
      <line num="60" count="14" type="cond" truecount="1" falsecount="0"/>
      <line num="61" count="91" type="stmt"/>
      <line num="62" count="91" type="stmt"/>
      <line num="63" count="91" type="stmt"/>
      <line num="64" count="91" type="stmt"/>
      <line num="65" count="91" type="cond" truecount="1" falsecount="0"/>
      <line num="66" count="247" type="stmt"/>
      <line num="67" count="247" type="stmt"/>
      <line num="68" count="247" type="stmt"/>
      <line num="69" count="247" type="stmt"/>
      <line num="70" count="247" type="stmt"/>
      <line num="71" count="247" type="stmt"/>
      <line num="72" count="247" type="stmt"/>
      <line num="73" count="247" type="stmt"/>
      <line num="74" count="247" type="stmt"/>
      <line num="75" count="247" type="stmt"/>
      <line num="76" count="247" type="stmt"/>
      <line num="77" count="247" type="cond" truecount="1" falsecount="0"/>
      <line num="78" count="156" type="cond" truecount="1" falsecount="0"/>
      <line num="79" count="156" type="stmt"/>
      <line num="80" count="156" type="stmt"/>
      <line num="81" count="156" type="stmt"/>
      <line num="82" count="156" type="stmt"/>
      <line num="83" count="156" type="stmt"/>
      <line num="84" count="156" type="stmt"/>
      <line num="85" count="156" type="stmt"/>
      <line num="86" count="156" type="stmt"/>
      <line num="87" count="156" type="stmt"/>
      <line num="88" count="156" type="stmt"/>
      <line num="89" count="156" type="stmt"/>
      <line num="90" count="156" type="stmt"/>
      <line num="91" count="156" type="stmt"/>
      <line num="92" count="156" type="stmt"/>
      <line num="93" count="156" type="stmt"/>
      <line num="94" count="156" type="stmt"/>
      <line num="95" count="156" type="stmt"/>
      <line num="96" count="156" type="stmt"/>
      <line num="97" count="156" type="stmt"/>
      <line num="98" count="156" type="stmt"/>
      <line num="99" count="156" type="stmt"/>
      <line num="100" count="156" type="stmt"/>
      <line num="101" count="156" type="stmt"/>
      <line num="102" count="156" type="stmt"/>
      <line num="103" count="156" type="stmt"/>
      <line num="104" count="156" type="stmt"/>
      <line num="105" count="156" type="stmt"/>
      <line num="106" count="156" type="stmt"/>
      <line num="107" count="156" type="stmt"/>
      <line num="108" count="156" type="stmt"/>
      <line num="109" count="156" type="stmt"/>
      <line num="110" count="156" type="stmt"/>
      <line num="111" count="156" type="stmt"/>
      <line num="112" count="156" type="stmt"/>
      <line num="113" count="156" type="stmt"/>
      <line num="114" count="156" type="stmt"/>
      <line num="115" count="156" type="stmt"/>
      <line num="116" count="156" type="stmt"/>
      <line num="117" count="156" type="stmt"/>
      <line num="118" count="156" type="stmt"/>
      <line num="119" count="156" type="stmt"/>
      <line num="120" count="156" type="stmt"/>
      <line num="121" count="156" type="stmt"/>
      <line num="122" count="156" type="stmt"/>
      <line num="123" count="156" type="stmt"/>
      <line num="124" count="156" type="stmt"/>
      <line num="125" count="156" type="stmt"/>
      <line num="126" count="156" type="stmt"/>
      <line num="127" count="156" type="stmt"/>
      <line num="128" count="156" type="stmt"/>
      <line num="129" count="156" type="stmt"/>
      <line num="130" count="156" type="stmt"/>
      <line num="131" count="156" type="stmt"/>
      <line num="132" count="156" type="stmt"/>
      <line num="133" count="156" type="stmt"/>
      <line num="134" count="156" type="stmt"/>
      <line num="135" count="156" type="stmt"/>
      <line num="136" count="156" type="stmt"/>
      <line num="137" count="156" type="stmt"/>
      <line num="138" count="156" type="stmt"/>
      <line num="139" count="156" type="stmt"/>
      <line num="140" count="156" type="stmt"/>
      <line num="141" count="156" type="stmt"/>
      <line num="142" count="247" type="cond" truecount="0" falsecount="1"/>
      <line num="143" count="0" type="stmt"/>
      <line num="144" count="0" type="stmt"/>
      <line num="145" count="0" type="stmt"/>
      <line num="146" count="0" type="stmt"/>
      <line num="147" count="156" type="cond" truecount="1" falsecount="0"/>
      <line num="148" count="156" type="stmt"/>
      <line num="149" count="156" type="stmt"/>
      <line num="150" count="156" type="stmt"/>
      <line num="151" count="156" type="stmt"/>
      <line num="152" count="156" type="stmt"/>
      <line num="153" count="156" type="stmt"/>
      <line num="154" count="156" type="stmt"/>
      <line num="155" count="156" type="stmt"/>
      <line num="156" count="156" type="stmt"/>
      <line num="157" count="156" type="stmt"/>
      <line num="158" count="156" type="stmt"/>
      <line num="159" count="156" type="stmt"/>
      <line num="160" count="156" type="cond" truecount="1" falsecount="0"/>
      <line num="161" count="36" type="stmt"/>
      <line num="162" count="247" type="cond" truecount="1" falsecount="0"/>
      <line num="163" count="156" type="stmt"/>
      <line num="164" count="156" type="stmt"/>
      <line num="165" count="156" type="stmt"/>
      <line num="166" count="156" type="stmt"/>
      <line num="167" count="156" type="stmt"/>
      <line num="168" count="156" type="stmt"/>
      <line num="169" count="156" type="stmt"/>
      <line num="170" count="156" type="stmt"/>
      <line num="171" count="156" type="stmt"/>
      <line num="172" count="156" type="stmt"/>
      <line num="173" count="91" type="stmt"/>
      <line num="174" count="91" type="stmt"/>
      <line num="175" count="91" type="stmt"/>
      <line num="176" count="14" type="stmt"/>
      <line num="177" count="14" type="stmt"/>
      <line num="178" count="14" type="stmt"/>
      <line num="179" count="1" type="stmt"/>
      <line num="180" count="1" type="cond" truecount="1" falsecount="0"/>
      <line num="181" count="14" type="cond" truecount="1" falsecount="0"/>
      <line num="182" count="14" type="stmt"/>
      <line num="183" count="14" type="stmt"/>
      <line num="184" count="14" type="stmt"/>
      <line num="185" count="14" type="stmt"/>
      <line num="186" count="14" type="cond" truecount="1" falsecount="0"/>
      <line num="187" count="91" type="stmt"/>
      <line num="188" count="91" type="stmt"/>
      <line num="189" count="91" type="stmt"/>
      <line num="190" count="14" type="stmt"/>
      <line num="191" count="14" type="stmt"/>
      <line num="192" count="14" type="stmt"/>
      <line num="193" count="14" type="stmt"/>
      <line num="194" count="14" type="stmt"/>
      <line num="195" count="14" type="stmt"/>
      <line num="196" count="14" type="stmt"/>
      <line num="197" count="14" type="stmt"/>
      <line num="198" count="14" type="stmt"/>
      <line num="199" count="14" type="stmt"/>
      <line num="200" count="14" type="stmt"/>
      <line num="201" count="14" type="stmt"/>
      <line num="202" count="14" type="stmt"/>
      <line num="203" count="14" type="stmt"/>
      <line num="204" count="14" type="stmt"/>
      <line num="205" count="14" type="stmt"/>
      <line num="206" count="14" type="stmt"/>
      <line num="207" count="14" type="stmt"/>
      <line num="208" count="14" type="cond" truecount="1" falsecount="0"/>
      <line num="209" count="1" type="stmt"/>
      <line num="210" count="1" type="stmt"/>
      <line num="211" count="14" type="cond" truecount="1" falsecount="0"/>
      <line num="212" count="22" type="stmt"/>
      <line num="213" count="22" type="cond" truecount="1" falsecount="0"/>
      <line num="214" count="21" type="cond" truecount="1" falsecount="0"/>
      <line num="215" count="21" type="stmt"/>
      <line num="216" count="21" type="stmt"/>
      <line num="217" count="21" type="stmt"/>
      <line num="218" count="21" type="stmt"/>
      <line num="219" count="21" type="stmt"/>
      <line num="220" count="21" type="stmt"/>
      <line num="221" count="21" type="stmt"/>
      <line num="222" count="21" type="stmt"/>
      <line num="223" count="21" type="stmt"/>
      <line num="224" count="21" type="stmt"/>
      <line num="225" count="21" type="stmt"/>
      <line num="226" count="21" type="stmt"/>
      <line num="227" count="21" type="stmt"/>
      <line num="228" count="21" type="stmt"/>
      <line num="229" count="21" type="stmt"/>
      <line num="230" count="21" type="stmt"/>
      <line num="231" count="21" type="stmt"/>
      <line num="232" count="21" type="stmt"/>
      <line num="233" count="21" type="stmt"/>
      <line num="234" count="21" type="stmt"/>
      <line num="235" count="21" type="cond" truecount="2" falsecount="0"/>
      <line num="236" count="21" type="stmt"/>
      <line num="237" count="21" type="stmt"/>
      <line num="238" count="21" type="stmt"/>
      <line num="239" count="21" type="stmt"/>
      <line num="240" count="21" type="stmt"/>
      <line num="241" count="21" type="stmt"/>
      <line num="242" count="21" type="stmt"/>
      <line num="243" count="21" type="stmt"/>
      <line num="244" count="21" type="stmt"/>
      <line num="245" count="21" type="stmt"/>
      <line num="246" count="21" type="stmt"/>
      <line num="247" count="21" type="stmt"/>
      <line num="248" count="21" type="stmt"/>
      <line num="249" count="21" type="stmt"/>
      <line num="250" count="21" type="stmt"/>
      <line num="251" count="21" type="stmt"/>
      <line num="252" count="21" type="stmt"/>
      <line num="253" count="21" type="stmt"/>
      <line num="254" count="21" type="stmt"/>
      <line num="255" count="21" type="stmt"/>
      <line num="256" count="21" type="stmt"/>
      <line num="257" count="21" type="stmt"/>
      <line num="258" count="21" type="stmt"/>
      <line num="259" count="21" type="stmt"/>
      <line num="260" count="21" type="stmt"/>
      <line num="261" count="21" type="stmt"/>
      <line num="262" count="21" type="stmt"/>
      <line num="263" count="21" type="stmt"/>
      <line num="264" count="21" type="stmt"/>
      <line num="265" count="21" type="stmt"/>
      <line num="266" count="21" type="stmt"/>
      <line num="267" count="21" type="stmt"/>
      <line num="268" count="21" type="stmt"/>
      <line num="269" count="21" type="stmt"/>
      <line num="270" count="21" type="stmt"/>
      <line num="271" count="21" type="stmt"/>
      <line num="272" count="21" type="stmt"/>
      <line num="273" count="21" type="stmt"/>
      <line num="274" count="21" type="stmt"/>
      <line num="275" count="21" type="stmt"/>
      <line num="276" count="21" type="cond" truecount="1" falsecount="0"/>
      <line num="277" count="1" type="cond" truecount="0" falsecount="1"/>
      <line num="278" count="1" type="stmt"/>
      <line num="279" count="1" type="stmt"/>
      <line num="280" count="1" type="stmt"/>
      <line num="281" count="1" type="stmt"/>
      <line num="282" count="1" type="stmt"/>
      <line num="283" count="1" type="stmt"/>
      <line num="284" count="1" type="stmt"/>
      <line num="285" count="1" type="stmt"/>
      <line num="286" count="1" type="stmt"/>
      <line num="287" count="1" type="stmt"/>
      <line num="288" count="1" type="stmt"/>
      <line num="289" count="1" type="stmt"/>
      <line num="290" count="1" type="stmt"/>
      <line num="291" count="20" type="cond" truecount="1" falsecount="0"/>
      <line num="292" count="20" type="stmt"/>
      <line num="293" count="20" type="stmt"/>
      <line num="294" count="20" type="stmt"/>
      <line num="295" count="20" type="stmt"/>
      <line num="296" count="20" type="stmt"/>
      <line num="297" count="20" type="stmt"/>
      <line num="298" count="20" type="stmt"/>
      <line num="299" count="20" type="stmt"/>
      <line num="300" count="20" type="stmt"/>
      <line num="301" count="20" type="stmt"/>
      <line num="302" count="20" type="stmt"/>
      <line num="303" count="20" type="stmt"/>
      <line num="304" count="20" type="stmt"/>
      <line num="305" count="20" type="stmt"/>
      <line num="306" count="20" type="stmt"/>
      <line num="307" count="21" type="stmt"/>
      <line num="308" count="22" type="stmt"/>
      <line num="309" count="14" type="cond" truecount="1" falsecount="0"/>
      <line num="310" count="21" type="cond" truecount="2" falsecount="0"/>
      <line num="311" count="21" type="stmt"/>
      <line num="312" count="21" type="stmt"/>
      <line num="313" count="21" type="stmt"/>
      <line num="314" count="21" type="stmt"/>
      <line num="315" count="21" type="cond" truecount="1" falsecount="0"/>
      <line num="316" count="18" type="cond" truecount="1" falsecount="0"/>
      <line num="317" count="18" type="stmt"/>
      <line num="318" count="18" type="stmt"/>
      <line num="319" count="21" type="cond" truecount="0" falsecount="1"/>
      <line num="320" count="18" type="cond" truecount="1" falsecount="0"/>
      <line num="321" count="18" type="stmt"/>
      <line num="322" count="21" type="stmt"/>
      <line num="323" count="21" type="stmt"/>
      <line num="324" count="14" type="cond" truecount="1" falsecount="0"/>
      <line num="325" count="1" type="cond" truecount="1" falsecount="0"/>
      <line num="326" count="1" type="cond" truecount="1" falsecount="0"/>
      <line num="327" count="1" type="stmt"/>
      <line num="328" count="1" type="stmt"/>
      <line num="329" count="14" type="cond" truecount="1" falsecount="0"/>
      <line num="330" count="1" type="cond" truecount="2" falsecount="0"/>
      <line num="331" count="1" type="stmt"/>
      <line num="332" count="1" type="stmt"/>
      <line num="333" count="1" type="cond" truecount="1" falsecount="0"/>
      <line num="334" count="3" type="stmt"/>
      <line num="335" count="1" type="stmt"/>
      <line num="336" count="1" type="stmt"/>
      <line num="337" count="1" type="stmt"/>
      <line num="338" count="1" type="stmt"/>
      <line num="339" count="1" type="stmt"/>
      <line num="340" count="14" type="cond" truecount="1" falsecount="0"/>
      <line num="341" count="21" type="stmt"/>
      <line num="342" count="21" type="stmt"/>
      <line num="343" count="21" type="stmt"/>
      <line num="344" count="21" type="stmt"/>
      <line num="345" count="21" type="stmt"/>
      <line num="346" count="21" type="stmt"/>
      <line num="347" count="21" type="stmt"/>
      <line num="348" count="21" type="stmt"/>
      <line num="349" count="21" type="stmt"/>
      <line num="350" count="21" type="stmt"/>
      <line num="351" count="21" type="stmt"/>
      <line num="352" count="21" type="stmt"/>
      <line num="353" count="21" type="stmt"/>
      <line num="354" count="21" type="stmt"/>
      <line num="355" count="21" type="stmt"/>
      <line num="356" count="21" type="stmt"/>
      <line num="357" count="21" type="stmt"/>
      <line num="358" count="21" type="stmt"/>
      <line num="359" count="14" type="stmt"/>
      <line num="360" count="14" type="stmt"/>
      <line num="361" count="0" type="stmt"/>
      <line num="362" count="0" type="stmt"/>
      <line num="363" count="0" type="stmt"/>
      <line num="364" count="0" type="stmt"/>
      <line num="365" count="0" type="stmt"/>
      <line num="366" count="0" type="stmt"/>
      <line num="367" count="0" type="stmt"/>
      <line num="368" count="0" type="stmt"/>
      <line num="369" count="0" type="stmt"/>
      <line num="370" count="0" type="stmt"/>
      <line num="371" count="0" type="stmt"/>
      <line num="372" count="0" type="stmt"/>
      <line num="373" count="0" type="stmt"/>
      <line num="374" count="0" type="stmt"/>
      <line num="375" count="0" type="stmt"/>
      <line num="376" count="0" type="stmt"/>
      <line num="377" count="0" type="stmt"/>
      <line num="378" count="0" type="stmt"/>
      <line num="379" count="0" type="stmt"/>
      <line num="380" count="0" type="stmt"/>
      <line num="381" count="14" type="stmt"/>
      <line num="382" count="14" type="stmt"/>
      <line num="383" count="1" type="stmt"/>
      <line num="384" count="1" type="stmt"/>
    </file>
  </project>
</coverage>
