<?xml version="1.0" encoding="UTF-8"?>
<coverage generated="1688174414500" clover="3.2.0">
  <project timestamp="1688174414500" name="All files">
    <metrics statements="311" coveredstatements="309" conditionals="33" coveredconditionals="31" methods="8" coveredmethods="8" elements="352" coveredelements="348" complexity="0" loc="311" ncloc="311" packages="1" files="1" classes="1"/>
    <file name="index.ts" path="/home/brenno/projects/github/bitcask/src/index.ts">
      <metrics statements="311" coveredstatements="309" conditionals="33" coveredconditionals="31" methods="8" coveredmethods="8"/>
      <line num="1" count="1" type="stmt"/>
      <line num="2" count="1" type="stmt"/>
      <line num="3" count="1" type="stmt"/>
      <line num="4" count="1" type="stmt"/>
      <line num="5" count="1" type="stmt"/>
      <line num="6" count="1" type="stmt"/>
      <line num="7" count="1" type="stmt"/>
      <line num="8" count="1" type="stmt"/>
      <line num="9" count="1" type="stmt"/>
      <line num="10" count="1" type="stmt"/>
      <line num="11" count="1" type="stmt"/>
      <line num="12" count="1" type="stmt"/>
      <line num="13" count="1" type="stmt"/>
      <line num="14" count="1" type="stmt"/>
      <line num="15" count="1" type="stmt"/>
      <line num="16" count="1" type="stmt"/>
      <line num="17" count="1" type="stmt"/>
      <line num="18" count="1" type="stmt"/>
      <line num="19" count="1" type="stmt"/>
      <line num="20" count="1" type="stmt"/>
      <line num="21" count="1" type="stmt"/>
      <line num="22" count="1" type="stmt"/>
      <line num="23" count="1" type="stmt"/>
      <line num="24" count="1" type="stmt"/>
      <line num="25" count="1" type="stmt"/>
      <line num="26" count="1" type="stmt"/>
      <line num="27" count="1" type="stmt"/>
      <line num="28" count="1" type="stmt"/>
      <line num="29" count="1" type="stmt"/>
      <line num="30" count="1" type="stmt"/>
      <line num="31" count="1" type="stmt"/>
      <line num="32" count="1" type="stmt"/>
      <line num="33" count="1" type="stmt"/>
      <line num="34" count="1" type="stmt"/>
      <line num="35" count="1" type="stmt"/>
      <line num="36" count="1" type="stmt"/>
      <line num="37" count="1" type="stmt"/>
      <line num="38" count="1" type="stmt"/>
      <line num="39" count="1" type="stmt"/>
      <line num="40" count="1" type="stmt"/>
      <line num="41" count="1" type="stmt"/>
      <line num="42" count="1" type="stmt"/>
      <line num="43" count="1" type="stmt"/>
      <line num="44" count="1" type="stmt"/>
      <line num="45" count="1" type="stmt"/>
      <line num="46" count="1" type="cond" truecount="1" falsecount="0"/>
      <line num="47" count="9" type="stmt"/>
      <line num="48" count="9" type="stmt"/>
      <line num="49" count="9" type="cond" truecount="1" falsecount="0"/>
      <line num="50" count="22" type="stmt"/>
      <line num="51" count="22" type="stmt"/>
      <line num="52" count="22" type="stmt"/>
      <line num="53" count="22" type="stmt"/>
      <line num="54" count="22" type="cond" truecount="1" falsecount="0"/>
      <line num="55" count="70" type="stmt"/>
      <line num="56" count="70" type="stmt"/>
      <line num="57" count="70" type="stmt"/>
      <line num="58" count="70" type="stmt"/>
      <line num="59" count="70" type="stmt"/>
      <line num="60" count="70" type="stmt"/>
      <line num="61" count="70" type="stmt"/>
      <line num="62" count="70" type="stmt"/>
      <line num="63" count="70" type="stmt"/>
      <line num="64" count="70" type="stmt"/>
      <line num="65" count="70" type="stmt"/>
      <line num="66" count="70" type="cond" truecount="1" falsecount="0"/>
      <line num="67" count="48" type="cond" truecount="1" falsecount="0"/>
      <line num="68" count="48" type="stmt"/>
      <line num="69" count="48" type="stmt"/>
      <line num="70" count="48" type="stmt"/>
      <line num="71" count="48" type="stmt"/>
      <line num="72" count="48" type="stmt"/>
      <line num="73" count="48" type="stmt"/>
      <line num="74" count="48" type="stmt"/>
      <line num="75" count="48" type="stmt"/>
      <line num="76" count="48" type="stmt"/>
      <line num="77" count="48" type="stmt"/>
      <line num="78" count="48" type="stmt"/>
      <line num="79" count="48" type="stmt"/>
      <line num="80" count="48" type="stmt"/>
      <line num="81" count="48" type="stmt"/>
      <line num="82" count="48" type="stmt"/>
      <line num="83" count="48" type="stmt"/>
      <line num="84" count="48" type="stmt"/>
      <line num="85" count="48" type="stmt"/>
      <line num="86" count="48" type="stmt"/>
      <line num="87" count="48" type="stmt"/>
      <line num="88" count="48" type="stmt"/>
      <line num="89" count="48" type="stmt"/>
      <line num="90" count="48" type="stmt"/>
      <line num="91" count="48" type="stmt"/>
      <line num="92" count="48" type="stmt"/>
      <line num="93" count="48" type="stmt"/>
      <line num="94" count="48" type="stmt"/>
      <line num="95" count="48" type="stmt"/>
      <line num="96" count="48" type="stmt"/>
      <line num="97" count="48" type="stmt"/>
      <line num="98" count="48" type="stmt"/>
      <line num="99" count="48" type="stmt"/>
      <line num="100" count="48" type="stmt"/>
      <line num="101" count="48" type="stmt"/>
      <line num="102" count="48" type="stmt"/>
      <line num="103" count="48" type="stmt"/>
      <line num="104" count="48" type="stmt"/>
      <line num="105" count="48" type="stmt"/>
      <line num="106" count="48" type="stmt"/>
      <line num="107" count="48" type="stmt"/>
      <line num="108" count="48" type="stmt"/>
      <line num="109" count="48" type="stmt"/>
      <line num="110" count="48" type="stmt"/>
      <line num="111" count="48" type="stmt"/>
      <line num="112" count="48" type="stmt"/>
      <line num="113" count="48" type="stmt"/>
      <line num="114" count="48" type="stmt"/>
      <line num="115" count="48" type="stmt"/>
      <line num="116" count="48" type="stmt"/>
      <line num="117" count="48" type="stmt"/>
      <line num="118" count="48" type="stmt"/>
      <line num="119" count="48" type="stmt"/>
      <line num="120" count="48" type="stmt"/>
      <line num="121" count="48" type="stmt"/>
      <line num="122" count="48" type="stmt"/>
      <line num="123" count="48" type="stmt"/>
      <line num="124" count="48" type="stmt"/>
      <line num="125" count="48" type="stmt"/>
      <line num="126" count="48" type="stmt"/>
      <line num="127" count="48" type="stmt"/>
      <line num="128" count="48" type="stmt"/>
      <line num="129" count="48" type="stmt"/>
      <line num="130" count="48" type="stmt"/>
      <line num="131" count="48" type="stmt"/>
      <line num="132" count="70" type="cond" truecount="0" falsecount="1"/>
      <line num="133" count="0" type="stmt"/>
      <line num="134" count="0" type="stmt"/>
      <line num="135" count="48" type="cond" truecount="1" falsecount="0"/>
      <line num="136" count="48" type="stmt"/>
      <line num="137" count="48" type="stmt"/>
      <line num="138" count="48" type="stmt"/>
      <line num="139" count="48" type="stmt"/>
      <line num="140" count="48" type="stmt"/>
      <line num="141" count="48" type="stmt"/>
      <line num="142" count="48" type="stmt"/>
      <line num="143" count="48" type="stmt"/>
      <line num="144" count="48" type="stmt"/>
      <line num="145" count="48" type="stmt"/>
      <line num="146" count="48" type="stmt"/>
      <line num="147" count="48" type="stmt"/>
      <line num="148" count="48" type="stmt"/>
      <line num="149" count="48" type="stmt"/>
      <line num="150" count="48" type="stmt"/>
      <line num="151" count="48" type="stmt"/>
      <line num="152" count="48" type="stmt"/>
      <line num="153" count="48" type="stmt"/>
      <line num="154" count="48" type="stmt"/>
      <line num="155" count="48" type="stmt"/>
      <line num="156" count="48" type="stmt"/>
      <line num="157" count="22" type="stmt"/>
      <line num="158" count="22" type="stmt"/>
      <line num="159" count="22" type="stmt"/>
      <line num="160" count="9" type="stmt"/>
      <line num="161" count="9" type="stmt"/>
      <line num="162" count="9" type="stmt"/>
      <line num="163" count="1" type="stmt"/>
      <line num="164" count="1" type="cond" truecount="1" falsecount="0"/>
      <line num="165" count="9" type="cond" truecount="1" falsecount="0"/>
      <line num="166" count="9" type="stmt"/>
      <line num="167" count="9" type="stmt"/>
      <line num="168" count="9" type="stmt"/>
      <line num="169" count="9" type="stmt"/>
      <line num="170" count="9" type="cond" truecount="1" falsecount="0"/>
      <line num="171" count="9" type="stmt"/>
      <line num="172" count="9" type="cond" truecount="1" falsecount="1"/>
      <line num="173" count="9" type="stmt"/>
      <line num="174" count="9" type="stmt"/>
      <line num="175" count="9" type="stmt"/>
      <line num="176" count="9" type="stmt"/>
      <line num="177" count="9" type="stmt"/>
      <line num="178" count="9" type="stmt"/>
      <line num="179" count="9" type="stmt"/>
      <line num="180" count="9" type="stmt"/>
      <line num="181" count="9" type="stmt"/>
      <line num="182" count="9" type="stmt"/>
      <line num="183" count="9" type="stmt"/>
      <line num="184" count="9" type="stmt"/>
      <line num="185" count="9" type="stmt"/>
      <line num="186" count="9" type="stmt"/>
      <line num="187" count="9" type="stmt"/>
      <line num="188" count="9" type="stmt"/>
      <line num="189" count="9" type="stmt"/>
      <line num="190" count="9" type="cond" truecount="1" falsecount="0"/>
      <line num="191" count="1" type="stmt"/>
      <line num="192" count="1" type="stmt"/>
      <line num="193" count="9" type="cond" truecount="1" falsecount="0"/>
      <line num="194" count="12" type="stmt"/>
      <line num="195" count="12" type="cond" truecount="1" falsecount="0"/>
      <line num="196" count="11" type="cond" truecount="1" falsecount="0"/>
      <line num="197" count="11" type="stmt"/>
      <line num="198" count="11" type="stmt"/>
      <line num="199" count="11" type="stmt"/>
      <line num="200" count="11" type="stmt"/>
      <line num="201" count="11" type="stmt"/>
      <line num="202" count="11" type="stmt"/>
      <line num="203" count="11" type="stmt"/>
      <line num="204" count="11" type="stmt"/>
      <line num="205" count="11" type="stmt"/>
      <line num="206" count="11" type="stmt"/>
      <line num="207" count="11" type="stmt"/>
      <line num="208" count="11" type="stmt"/>
      <line num="209" count="11" type="stmt"/>
      <line num="210" count="11" type="stmt"/>
      <line num="211" count="11" type="stmt"/>
      <line num="212" count="11" type="stmt"/>
      <line num="213" count="11" type="stmt"/>
      <line num="214" count="11" type="stmt"/>
      <line num="215" count="11" type="stmt"/>
      <line num="216" count="11" type="stmt"/>
      <line num="217" count="11" type="cond" truecount="2" falsecount="0"/>
      <line num="218" count="11" type="stmt"/>
      <line num="219" count="11" type="stmt"/>
      <line num="220" count="11" type="stmt"/>
      <line num="221" count="11" type="stmt"/>
      <line num="222" count="11" type="stmt"/>
      <line num="223" count="11" type="stmt"/>
      <line num="224" count="11" type="stmt"/>
      <line num="225" count="11" type="stmt"/>
      <line num="226" count="11" type="stmt"/>
      <line num="227" count="11" type="stmt"/>
      <line num="228" count="11" type="stmt"/>
      <line num="229" count="11" type="stmt"/>
      <line num="230" count="11" type="stmt"/>
      <line num="231" count="11" type="stmt"/>
      <line num="232" count="11" type="stmt"/>
      <line num="233" count="11" type="stmt"/>
      <line num="234" count="11" type="stmt"/>
      <line num="235" count="11" type="stmt"/>
      <line num="236" count="11" type="stmt"/>
      <line num="237" count="11" type="stmt"/>
      <line num="238" count="11" type="stmt"/>
      <line num="239" count="11" type="stmt"/>
      <line num="240" count="11" type="stmt"/>
      <line num="241" count="11" type="stmt"/>
      <line num="242" count="11" type="stmt"/>
      <line num="243" count="11" type="stmt"/>
      <line num="244" count="11" type="stmt"/>
      <line num="245" count="11" type="stmt"/>
      <line num="246" count="11" type="stmt"/>
      <line num="247" count="11" type="stmt"/>
      <line num="248" count="11" type="stmt"/>
      <line num="249" count="11" type="stmt"/>
      <line num="250" count="11" type="stmt"/>
      <line num="251" count="11" type="stmt"/>
      <line num="252" count="11" type="stmt"/>
      <line num="253" count="11" type="stmt"/>
      <line num="254" count="11" type="stmt"/>
      <line num="255" count="11" type="stmt"/>
      <line num="256" count="11" type="stmt"/>
      <line num="257" count="11" type="stmt"/>
      <line num="258" count="11" type="stmt"/>
      <line num="259" count="11" type="stmt"/>
      <line num="260" count="11" type="stmt"/>
      <line num="261" count="11" type="stmt"/>
      <line num="262" count="11" type="stmt"/>
      <line num="263" count="11" type="stmt"/>
      <line num="264" count="12" type="stmt"/>
      <line num="265" count="9" type="cond" truecount="1" falsecount="0"/>
      <line num="266" count="7" type="cond" truecount="2" falsecount="0"/>
      <line num="267" count="7" type="stmt"/>
      <line num="268" count="7" type="stmt"/>
      <line num="269" count="7" type="stmt"/>
      <line num="270" count="7" type="stmt"/>
      <line num="271" count="7" type="cond" truecount="1" falsecount="0"/>
      <line num="272" count="6" type="cond" truecount="1" falsecount="0"/>
      <line num="273" count="6" type="stmt"/>
      <line num="274" count="6" type="stmt"/>
      <line num="275" count="7" type="cond" truecount="1" falsecount="0"/>
      <line num="276" count="5" type="cond" truecount="1" falsecount="0"/>
      <line num="277" count="5" type="stmt"/>
      <line num="278" count="7" type="stmt"/>
      <line num="279" count="7" type="stmt"/>
      <line num="280" count="9" type="cond" truecount="1" falsecount="0"/>
      <line num="281" count="1" type="cond" truecount="1" falsecount="0"/>
      <line num="282" count="1" type="cond" truecount="1" falsecount="0"/>
      <line num="283" count="1" type="stmt"/>
      <line num="284" count="1" type="stmt"/>
      <line num="285" count="9" type="cond" truecount="1" falsecount="0"/>
      <line num="286" count="1" type="cond" truecount="2" falsecount="0"/>
      <line num="287" count="1" type="stmt"/>
      <line num="288" count="1" type="stmt"/>
      <line num="289" count="1" type="cond" truecount="1" falsecount="0"/>
      <line num="290" count="3" type="stmt"/>
      <line num="291" count="1" type="stmt"/>
      <line num="292" count="1" type="stmt"/>
      <line num="293" count="1" type="stmt"/>
      <line num="294" count="1" type="stmt"/>
      <line num="295" count="1" type="stmt"/>
      <line num="296" count="9" type="cond" truecount="1" falsecount="0"/>
      <line num="297" count="9" type="stmt"/>
      <line num="298" count="9" type="stmt"/>
      <line num="299" count="9" type="stmt"/>
      <line num="300" count="9" type="stmt"/>
      <line num="301" count="9" type="stmt"/>
      <line num="302" count="9" type="stmt"/>
      <line num="303" count="9" type="stmt"/>
      <line num="304" count="9" type="stmt"/>
      <line num="305" count="9" type="stmt"/>
      <line num="306" count="9" type="stmt"/>
      <line num="307" count="9" type="stmt"/>
      <line num="308" count="9" type="stmt"/>
      <line num="309" count="9" type="stmt"/>
      <line num="310" count="1" type="stmt"/>
      <line num="311" count="1" type="stmt"/>
    </file>
  </project>
</coverage>
