{"/home/brenno/projects/github/bitcask/src/index.ts": {"path":"/home/brenno/projects/github/bitcask/src/index.ts","all":false,"statementMap":{"0":{"start":{"line":1,"column":0},"end":{"line":1,"column":19}},"1":{"start":{"line":2,"column":0},"end":{"line":2,"column":44}},"2":{"start":{"line":3,"column":0},"end":{"line":3,"column":29}},"3":{"start":{"line":4,"column":0},"end":{"line":4,"column":36}},"4":{"start":{"line":5,"column":0},"end":{"line":5,"column":0}},"5":{"start":{"line":6,"column":0},"end":{"line":6,"column":19}},"6":{"start":{"line":7,"column":0},"end":{"line":7,"column":18}},"7":{"start":{"line":8,"column":0},"end":{"line":8,"column":21}},"8":{"start":{"line":9,"column":0},"end":{"line":9,"column":18}},"9":{"start":{"line":10,"column":0},"end":{"line":10,"column":21}},"10":{"start":{"line":11,"column":0},"end":{"line":11,"column":1}},"11":{"start":{"line":12,"column":0},"end":{"line":12,"column":0}},"12":{"start":{"line":13,"column":0},"end":{"line":13,"column":40}},"13":{"start":{"line":14,"column":0},"end":{"line":14,"column":0}},"14":{"start":{"line":15,"column":0},"end":{"line":15,"column":25}},"15":{"start":{"line":16,"column":0},"end":{"line":16,"column":16}},"16":{"start":{"line":17,"column":0},"end":{"line":17,"column":21}},"17":{"start":{"line":18,"column":0},"end":{"line":18,"column":23}},"18":{"start":{"line":19,"column":0},"end":{"line":19,"column":30}},"19":{"start":{"line":20,"column":0},"end":{"line":20,"column":25}},"20":{"start":{"line":21,"column":0},"end":{"line":21,"column":1}},"21":{"start":{"line":22,"column":0},"end":{"line":22,"column":0}},"22":{"start":{"line":23,"column":0},"end":{"line":23,"column":19}},"23":{"start":{"line":24,"column":0},"end":{"line":24,"column":0}},"24":{"start":{"line":25,"column":0},"end":{"line":25,"column":27}},"25":{"start":{"line":26,"column":0},"end":{"line":26,"column":12}},"26":{"start":{"line":27,"column":0},"end":{"line":27,"column":16}},"27":{"start":{"line":28,"column":0},"end":{"line":28,"column":19}},"28":{"start":{"line":29,"column":0},"end":{"line":29,"column":29}},"29":{"start":{"line":30,"column":0},"end":{"line":30,"column":31}},"30":{"start":{"line":31,"column":0},"end":{"line":31,"column":3}},"31":{"start":{"line":32,"column":0},"end":{"line":32,"column":35}},"32":{"start":{"line":33,"column":0},"end":{"line":33,"column":27}},"33":{"start":{"line":34,"column":0},"end":{"line":34,"column":38}},"34":{"start":{"line":35,"column":0},"end":{"line":35,"column":41}},"35":{"start":{"line":36,"column":0},"end":{"line":36,"column":31}},"36":{"start":{"line":37,"column":0},"end":{"line":37,"column":10}},"37":{"start":{"line":38,"column":0},"end":{"line":38,"column":62}},"38":{"start":{"line":39,"column":0},"end":{"line":39,"column":11}},"39":{"start":{"line":40,"column":0},"end":{"line":40,"column":15}},"40":{"start":{"line":41,"column":0},"end":{"line":41,"column":64}},"41":{"start":{"line":42,"column":0},"end":{"line":42,"column":15}},"42":{"start":{"line":43,"column":0},"end":{"line":43,"column":1}},"43":{"start":{"line":44,"column":0},"end":{"line":44,"column":0}},"44":{"start":{"line":45,"column":0},"end":{"line":45,"column":48}},"45":{"start":{"line":46,"column":0},"end":{"line":46,"column":0}},"46":{"start":{"line":47,"column":0},"end":{"line":47,"column":65}},"47":{"start":{"line":48,"column":0},"end":{"line":48,"column":56}},"48":{"start":{"line":49,"column":0},"end":{"line":49,"column":24}},"49":{"start":{"line":50,"column":0},"end":{"line":50,"column":24}},"50":{"start":{"line":51,"column":0},"end":{"line":51,"column":79}},"51":{"start":{"line":52,"column":0},"end":{"line":52,"column":9}},"52":{"start":{"line":53,"column":0},"end":{"line":53,"column":1}},"53":{"start":{"line":54,"column":0},"end":{"line":54,"column":0}},"54":{"start":{"line":55,"column":0},"end":{"line":55,"column":90}},"55":{"start":{"line":56,"column":0},"end":{"line":56,"column":29}},"56":{"start":{"line":57,"column":0},"end":{"line":57,"column":0}},"57":{"start":{"line":58,"column":0},"end":{"line":58,"column":49}},"58":{"start":{"line":59,"column":0},"end":{"line":59,"column":70}},"59":{"start":{"line":60,"column":0},"end":{"line":60,"column":0}},"60":{"start":{"line":61,"column":0},"end":{"line":61,"column":22}},"61":{"start":{"line":62,"column":0},"end":{"line":62,"column":8}},"62":{"start":{"line":63,"column":0},"end":{"line":63,"column":21}},"63":{"start":{"line":64,"column":0},"end":{"line":64,"column":44}},"64":{"start":{"line":65,"column":0},"end":{"line":65,"column":46}},"65":{"start":{"line":66,"column":0},"end":{"line":66,"column":44}},"66":{"start":{"line":67,"column":0},"end":{"line":67,"column":46}},"67":{"start":{"line":68,"column":0},"end":{"line":68,"column":12}},"68":{"start":{"line":69,"column":0},"end":{"line":69,"column":24}},"69":{"start":{"line":70,"column":0},"end":{"line":70,"column":32}},"70":{"start":{"line":71,"column":0},"end":{"line":71,"column":32}},"71":{"start":{"line":72,"column":0},"end":{"line":72,"column":23}},"72":{"start":{"line":73,"column":0},"end":{"line":73,"column":13}},"73":{"start":{"line":74,"column":0},"end":{"line":74,"column":0}},"74":{"start":{"line":75,"column":0},"end":{"line":75,"column":43}},"75":{"start":{"line":76,"column":0},"end":{"line":76,"column":12}},"76":{"start":{"line":77,"column":0},"end":{"line":77,"column":24}},"77":{"start":{"line":78,"column":0},"end":{"line":78,"column":33}},"78":{"start":{"line":79,"column":0},"end":{"line":79,"column":33}},"79":{"start":{"line":80,"column":0},"end":{"line":80,"column":24}},"80":{"start":{"line":81,"column":0},"end":{"line":81,"column":32}},"81":{"start":{"line":82,"column":0},"end":{"line":82,"column":13}},"82":{"start":{"line":83,"column":0},"end":{"line":83,"column":24}},"83":{"start":{"line":84,"column":0},"end":{"line":84,"column":31}},"84":{"start":{"line":85,"column":0},"end":{"line":85,"column":31}},"85":{"start":{"line":86,"column":0},"end":{"line":86,"column":24}},"86":{"start":{"line":87,"column":0},"end":{"line":87,"column":33}},"87":{"start":{"line":88,"column":0},"end":{"line":88,"column":33}},"88":{"start":{"line":89,"column":0},"end":{"line":89,"column":13}},"89":{"start":{"line":90,"column":0},"end":{"line":90,"column":24}},"90":{"start":{"line":91,"column":0},"end":{"line":91,"column":33}},"91":{"start":{"line":92,"column":0},"end":{"line":92,"column":33}},"92":{"start":{"line":93,"column":0},"end":{"line":93,"column":24}},"93":{"start":{"line":94,"column":0},"end":{"line":94,"column":33}},"94":{"start":{"line":95,"column":0},"end":{"line":95,"column":34}},"95":{"start":{"line":96,"column":0},"end":{"line":96,"column":31}},"96":{"start":{"line":97,"column":0},"end":{"line":97,"column":13}},"97":{"start":{"line":98,"column":0},"end":{"line":98,"column":4}},"98":{"start":{"line":99,"column":0},"end":{"line":99,"column":60}},"99":{"start":{"line":100,"column":0},"end":{"line":100,"column":4}},"100":{"start":{"line":101,"column":0},"end":{"line":101,"column":24}},"101":{"start":{"line":102,"column":0},"end":{"line":102,"column":27}},"102":{"start":{"line":103,"column":0},"end":{"line":103,"column":39}},"103":{"start":{"line":104,"column":0},"end":{"line":104,"column":24}},"104":{"start":{"line":105,"column":0},"end":{"line":105,"column":33}},"105":{"start":{"line":106,"column":0},"end":{"line":106,"column":34}},"106":{"start":{"line":107,"column":0},"end":{"line":107,"column":32}},"107":{"start":{"line":108,"column":0},"end":{"line":108,"column":32}},"108":{"start":{"line":109,"column":0},"end":{"line":109,"column":13}},"109":{"start":{"line":110,"column":0},"end":{"line":110,"column":4}},"110":{"start":{"line":111,"column":0},"end":{"line":111,"column":64}},"111":{"start":{"line":112,"column":0},"end":{"line":112,"column":4}},"112":{"start":{"line":113,"column":0},"end":{"line":113,"column":24}},"113":{"start":{"line":114,"column":0},"end":{"line":114,"column":29}},"114":{"start":{"line":115,"column":0},"end":{"line":115,"column":41}},"115":{"start":{"line":116,"column":0},"end":{"line":116,"column":24}},"116":{"start":{"line":117,"column":0},"end":{"line":117,"column":33}},"117":{"start":{"line":118,"column":0},"end":{"line":118,"column":34}},"118":{"start":{"line":119,"column":0},"end":{"line":119,"column":32}},"119":{"start":{"line":120,"column":0},"end":{"line":120,"column":34}},"120":{"start":{"line":121,"column":0},"end":{"line":121,"column":38}},"121":{"start":{"line":122,"column":0},"end":{"line":122,"column":13}},"122":{"start":{"line":123,"column":0},"end":{"line":123,"column":4}},"123":{"start":{"line":124,"column":0},"end":{"line":124,"column":90}},"124":{"start":{"line":125,"column":0},"end":{"line":125,"column":0}},"125":{"start":{"line":126,"column":0},"end":{"line":126,"column":14}},"126":{"start":{"line":127,"column":0},"end":{"line":127,"column":24}},"127":{"start":{"line":128,"column":0},"end":{"line":128,"column":17}},"128":{"start":{"line":129,"column":0},"end":{"line":129,"column":49}},"129":{"start":{"line":130,"column":0},"end":{"line":130,"column":50}},"130":{"start":{"line":131,"column":0},"end":{"line":131,"column":52}},"131":{"start":{"line":132,"column":0},"end":{"line":132,"column":52}},"132":{"start":{"line":133,"column":0},"end":{"line":133,"column":56}},"133":{"start":{"line":134,"column":0},"end":{"line":134,"column":40}},"134":{"start":{"line":135,"column":0},"end":{"line":135,"column":44}},"135":{"start":{"line":136,"column":0},"end":{"line":136,"column":17}},"136":{"start":{"line":137,"column":0},"end":{"line":137,"column":13}},"137":{"start":{"line":138,"column":0},"end":{"line":138,"column":14}},"138":{"start":{"line":139,"column":0},"end":{"line":139,"column":0}},"139":{"start":{"line":140,"column":0},"end":{"line":140,"column":54}},"140":{"start":{"line":141,"column":0},"end":{"line":141,"column":33}},"141":{"start":{"line":142,"column":0},"end":{"line":142,"column":163}},"142":{"start":{"line":143,"column":0},"end":{"line":143,"column":18}},"143":{"start":{"line":144,"column":0},"end":{"line":144,"column":13}},"144":{"start":{"line":145,"column":0},"end":{"line":145,"column":12}},"145":{"start":{"line":146,"column":0},"end":{"line":146,"column":62}},"146":{"start":{"line":147,"column":0},"end":{"line":147,"column":4}},"147":{"start":{"line":148,"column":0},"end":{"line":148,"column":33}},"148":{"start":{"line":149,"column":0},"end":{"line":149,"column":33}},"149":{"start":{"line":150,"column":0},"end":{"line":150,"column":34}},"150":{"start":{"line":151,"column":0},"end":{"line":151,"column":32}},"151":{"start":{"line":152,"column":0},"end":{"line":152,"column":34}},"152":{"start":{"line":153,"column":0},"end":{"line":153,"column":28}},"153":{"start":{"line":154,"column":0},"end":{"line":154,"column":28}},"154":{"start":{"line":155,"column":0},"end":{"line":155,"column":13}},"155":{"start":{"line":156,"column":0},"end":{"line":156,"column":0}},"156":{"start":{"line":157,"column":0},"end":{"line":157,"column":33}},"157":{"start":{"line":158,"column":0},"end":{"line":158,"column":0}},"158":{"start":{"line":159,"column":0},"end":{"line":159,"column":16}},"159":{"start":{"line":160,"column":0},"end":{"line":160,"column":41}},"160":{"start":{"line":161,"column":0},"end":{"line":161,"column":79}},"161":{"start":{"line":162,"column":0},"end":{"line":162,"column":22}},"162":{"start":{"line":163,"column":0},"end":{"line":163,"column":4}},"163":{"start":{"line":164,"column":0},"end":{"line":164,"column":38}},"164":{"start":{"line":165,"column":0},"end":{"line":165,"column":23}},"165":{"start":{"line":166,"column":0},"end":{"line":166,"column":52}},"166":{"start":{"line":167,"column":0},"end":{"line":167,"column":26}},"167":{"start":{"line":168,"column":0},"end":{"line":168,"column":55}},"168":{"start":{"line":169,"column":0},"end":{"line":169,"column":13}},"169":{"start":{"line":170,"column":0},"end":{"line":170,"column":9}},"170":{"start":{"line":171,"column":0},"end":{"line":171,"column":0}},"171":{"start":{"line":172,"column":0},"end":{"line":172,"column":24}},"172":{"start":{"line":173,"column":0},"end":{"line":173,"column":5}},"173":{"start":{"line":174,"column":0},"end":{"line":174,"column":0}},"174":{"start":{"line":175,"column":0},"end":{"line":175,"column":17}},"175":{"start":{"line":176,"column":0},"end":{"line":176,"column":1}},"176":{"start":{"line":177,"column":0},"end":{"line":177,"column":0}},"177":{"start":{"line":178,"column":0},"end":{"line":178,"column":75}},"178":{"start":{"line":179,"column":0},"end":{"line":179,"column":120}},"179":{"start":{"line":180,"column":0},"end":{"line":180,"column":4}},"180":{"start":{"line":181,"column":0},"end":{"line":181,"column":78}},"181":{"start":{"line":182,"column":0},"end":{"line":182,"column":0}},"182":{"start":{"line":183,"column":0},"end":{"line":183,"column":54}},"183":{"start":{"line":184,"column":0},"end":{"line":184,"column":28}},"184":{"start":{"line":185,"column":0},"end":{"line":185,"column":57}},"185":{"start":{"line":186,"column":0},"end":{"line":186,"column":0}},"186":{"start":{"line":187,"column":0},"end":{"line":187,"column":44}},"187":{"start":{"line":188,"column":0},"end":{"line":188,"column":12}},"188":{"start":{"line":189,"column":0},"end":{"line":189,"column":5}},"189":{"start":{"line":190,"column":0},"end":{"line":190,"column":0}},"190":{"start":{"line":191,"column":0},"end":{"line":191,"column":91}},"191":{"start":{"line":192,"column":0},"end":{"line":192,"column":0}},"192":{"start":{"line":193,"column":0},"end":{"line":193,"column":57}},"193":{"start":{"line":194,"column":0},"end":{"line":194,"column":17}},"194":{"start":{"line":195,"column":0},"end":{"line":195,"column":19}},"195":{"start":{"line":196,"column":0},"end":{"line":196,"column":24}},"196":{"start":{"line":197,"column":0},"end":{"line":197,"column":42}},"197":{"start":{"line":198,"column":0},"end":{"line":198,"column":65}},"198":{"start":{"line":199,"column":0},"end":{"line":199,"column":31}},"199":{"start":{"line":200,"column":0},"end":{"line":200,"column":10}},"200":{"start":{"line":201,"column":0},"end":{"line":201,"column":5}},"201":{"start":{"line":202,"column":0},"end":{"line":202,"column":0}},"202":{"start":{"line":203,"column":0},"end":{"line":203,"column":12}},"203":{"start":{"line":204,"column":0},"end":{"line":204,"column":16}},"204":{"start":{"line":205,"column":0},"end":{"line":205,"column":14}},"205":{"start":{"line":206,"column":0},"end":{"line":206,"column":28}},"206":{"start":{"line":207,"column":0},"end":{"line":207,"column":55}},"207":{"start":{"line":208,"column":0},"end":{"line":208,"column":10}},"208":{"start":{"line":209,"column":0},"end":{"line":209,"column":32}},"209":{"start":{"line":210,"column":0},"end":{"line":210,"column":36}},"210":{"start":{"line":211,"column":0},"end":{"line":211,"column":73}},"211":{"start":{"line":212,"column":0},"end":{"line":212,"column":0}},"212":{"start":{"line":213,"column":0},"end":{"line":213,"column":34}},"213":{"start":{"line":214,"column":0},"end":{"line":214,"column":78}},"214":{"start":{"line":215,"column":0},"end":{"line":215,"column":0}},"215":{"start":{"line":216,"column":0},"end":{"line":216,"column":36}},"216":{"start":{"line":217,"column":0},"end":{"line":217,"column":40}},"217":{"start":{"line":218,"column":0},"end":{"line":218,"column":52}},"218":{"start":{"line":219,"column":0},"end":{"line":219,"column":52}},"219":{"start":{"line":220,"column":0},"end":{"line":220,"column":0}},"220":{"start":{"line":221,"column":0},"end":{"line":221,"column":37}},"221":{"start":{"line":222,"column":0},"end":{"line":222,"column":34}},"222":{"start":{"line":223,"column":0},"end":{"line":223,"column":46}},"223":{"start":{"line":224,"column":0},"end":{"line":224,"column":44}},"224":{"start":{"line":225,"column":0},"end":{"line":225,"column":51}},"225":{"start":{"line":226,"column":0},"end":{"line":226,"column":0}},"226":{"start":{"line":227,"column":0},"end":{"line":227,"column":41}},"227":{"start":{"line":228,"column":0},"end":{"line":228,"column":36}},"228":{"start":{"line":229,"column":0},"end":{"line":229,"column":58}},"229":{"start":{"line":230,"column":0},"end":{"line":230,"column":46}},"230":{"start":{"line":231,"column":0},"end":{"line":231,"column":55}},"231":{"start":{"line":232,"column":0},"end":{"line":232,"column":0}},"232":{"start":{"line":233,"column":0},"end":{"line":233,"column":61}},"233":{"start":{"line":234,"column":0},"end":{"line":234,"column":23}},"234":{"start":{"line":235,"column":0},"end":{"line":235,"column":27}},"235":{"start":{"line":236,"column":0},"end":{"line":236,"column":32}},"236":{"start":{"line":237,"column":0},"end":{"line":237,"column":34}},"237":{"start":{"line":238,"column":0},"end":{"line":238,"column":36}},"238":{"start":{"line":239,"column":0},"end":{"line":239,"column":41}},"239":{"start":{"line":240,"column":0},"end":{"line":240,"column":39}},"240":{"start":{"line":241,"column":0},"end":{"line":241,"column":0}},"241":{"start":{"line":242,"column":0},"end":{"line":242,"column":56}},"242":{"start":{"line":243,"column":0},"end":{"line":243,"column":63}},"243":{"start":{"line":244,"column":0},"end":{"line":244,"column":55}},"244":{"start":{"line":245,"column":0},"end":{"line":245,"column":57}},"245":{"start":{"line":246,"column":0},"end":{"line":246,"column":57}},"246":{"start":{"line":247,"column":0},"end":{"line":247,"column":59}},"247":{"start":{"line":248,"column":0},"end":{"line":248,"column":0}},"248":{"start":{"line":249,"column":0},"end":{"line":249,"column":30}},"249":{"start":{"line":250,"column":0},"end":{"line":250,"column":76}},"250":{"start":{"line":251,"column":0},"end":{"line":251,"column":17}},"251":{"start":{"line":252,"column":0},"end":{"line":252,"column":28}},"252":{"start":{"line":253,"column":0},"end":{"line":253,"column":97}},"253":{"start":{"line":254,"column":0},"end":{"line":254,"column":17}},"254":{"start":{"line":255,"column":0},"end":{"line":255,"column":28}},"255":{"start":{"line":256,"column":0},"end":{"line":256,"column":77}},"256":{"start":{"line":257,"column":0},"end":{"line":257,"column":17}},"257":{"start":{"line":258,"column":0},"end":{"line":258,"column":28}},"258":{"start":{"line":259,"column":0},"end":{"line":259,"column":83}},"259":{"start":{"line":260,"column":0},"end":{"line":260,"column":17}},"260":{"start":{"line":261,"column":0},"end":{"line":261,"column":28}},"261":{"start":{"line":262,"column":0},"end":{"line":262,"column":79}},"262":{"start":{"line":263,"column":0},"end":{"line":263,"column":17}},"263":{"start":{"line":264,"column":0},"end":{"line":264,"column":28}},"264":{"start":{"line":265,"column":0},"end":{"line":265,"column":85}},"265":{"start":{"line":266,"column":0},"end":{"line":266,"column":19}},"266":{"start":{"line":267,"column":0},"end":{"line":267,"column":0}},"267":{"start":{"line":268,"column":0},"end":{"line":268,"column":37}},"268":{"start":{"line":269,"column":0},"end":{"line":269,"column":24}},"269":{"start":{"line":270,"column":0},"end":{"line":270,"column":44}},"270":{"start":{"line":271,"column":0},"end":{"line":271,"column":44}},"271":{"start":{"line":272,"column":0},"end":{"line":272,"column":17}},"272":{"start":{"line":273,"column":0},"end":{"line":273,"column":0}},"273":{"start":{"line":274,"column":0},"end":{"line":274,"column":35}},"274":{"start":{"line":275,"column":0},"end":{"line":275,"column":41}},"275":{"start":{"line":276,"column":0},"end":{"line":276,"column":32}},"276":{"start":{"line":277,"column":0},"end":{"line":277,"column":34}},"277":{"start":{"line":278,"column":0},"end":{"line":278,"column":67}},"278":{"start":{"line":279,"column":0},"end":{"line":279,"column":29}},"279":{"start":{"line":280,"column":0},"end":{"line":280,"column":34}},"280":{"start":{"line":281,"column":0},"end":{"line":281,"column":32}},"281":{"start":{"line":282,"column":0},"end":{"line":282,"column":50}},"282":{"start":{"line":283,"column":0},"end":{"line":283,"column":58}},"283":{"start":{"line":284,"column":0},"end":{"line":284,"column":52}},"284":{"start":{"line":285,"column":0},"end":{"line":285,"column":37}},"285":{"start":{"line":286,"column":0},"end":{"line":286,"column":25}},"286":{"start":{"line":287,"column":0},"end":{"line":287,"column":21}},"287":{"start":{"line":288,"column":0},"end":{"line":288,"column":18}},"288":{"start":{"line":289,"column":0},"end":{"line":289,"column":14}},"289":{"start":{"line":290,"column":0},"end":{"line":290,"column":10}},"290":{"start":{"line":291,"column":0},"end":{"line":291,"column":25}},"291":{"start":{"line":292,"column":0},"end":{"line":292,"column":60}},"292":{"start":{"line":293,"column":0},"end":{"line":293,"column":49}},"293":{"start":{"line":294,"column":0},"end":{"line":294,"column":0}},"294":{"start":{"line":295,"column":0},"end":{"line":295,"column":51}},"295":{"start":{"line":296,"column":0},"end":{"line":296,"column":0}},"296":{"start":{"line":297,"column":0},"end":{"line":297,"column":43}},"297":{"start":{"line":298,"column":0},"end":{"line":298,"column":4}},"298":{"start":{"line":299,"column":0},"end":{"line":299,"column":71}},"299":{"start":{"line":300,"column":0},"end":{"line":300,"column":0}},"300":{"start":{"line":301,"column":0},"end":{"line":301,"column":59}},"301":{"start":{"line":302,"column":0},"end":{"line":302,"column":0}},"302":{"start":{"line":303,"column":0},"end":{"line":303,"column":29}},"303":{"start":{"line":304,"column":0},"end":{"line":304,"column":14}},"304":{"start":{"line":305,"column":0},"end":{"line":305,"column":10}},"305":{"start":{"line":306,"column":0},"end":{"line":306,"column":27}},"306":{"start":{"line":307,"column":0},"end":{"line":307,"column":58}},"307":{"start":{"line":308,"column":0},"end":{"line":308,"column":55}},"308":{"start":{"line":309,"column":0},"end":{"line":309,"column":13}},"309":{"start":{"line":310,"column":0},"end":{"line":310,"column":10}},"310":{"start":{"line":311,"column":0},"end":{"line":311,"column":43}},"311":{"start":{"line":312,"column":0},"end":{"line":312,"column":59}},"312":{"start":{"line":313,"column":0},"end":{"line":313,"column":58}},"313":{"start":{"line":314,"column":0},"end":{"line":314,"column":28}},"314":{"start":{"line":315,"column":0},"end":{"line":315,"column":67}},"315":{"start":{"line":316,"column":0},"end":{"line":316,"column":78}},"316":{"start":{"line":317,"column":0},"end":{"line":317,"column":26}},"317":{"start":{"line":318,"column":0},"end":{"line":318,"column":28}},"318":{"start":{"line":319,"column":0},"end":{"line":319,"column":21}},"319":{"start":{"line":320,"column":0},"end":{"line":320,"column":13}},"320":{"start":{"line":321,"column":0},"end":{"line":321,"column":10}},"321":{"start":{"line":322,"column":0},"end":{"line":322,"column":66}},"322":{"start":{"line":323,"column":0},"end":{"line":323,"column":66}},"323":{"start":{"line":324,"column":0},"end":{"line":324,"column":46}},"324":{"start":{"line":325,"column":0},"end":{"line":325,"column":51}},"325":{"start":{"line":326,"column":0},"end":{"line":326,"column":0}},"326":{"start":{"line":327,"column":0},"end":{"line":327,"column":95}},"327":{"start":{"line":328,"column":0},"end":{"line":328,"column":96}},"328":{"start":{"line":329,"column":0},"end":{"line":329,"column":24}},"329":{"start":{"line":330,"column":0},"end":{"line":330,"column":89}},"330":{"start":{"line":331,"column":0},"end":{"line":331,"column":13}},"331":{"start":{"line":332,"column":0},"end":{"line":332,"column":24}},"332":{"start":{"line":333,"column":0},"end":{"line":333,"column":54}},"333":{"start":{"line":334,"column":0},"end":{"line":334,"column":13}},"334":{"start":{"line":335,"column":0},"end":{"line":335,"column":28}},"335":{"start":{"line":336,"column":0},"end":{"line":336,"column":0}},"336":{"start":{"line":337,"column":0},"end":{"line":337,"column":49}},"337":{"start":{"line":338,"column":0},"end":{"line":338,"column":0}},"338":{"start":{"line":339,"column":0},"end":{"line":339,"column":56}},"339":{"start":{"line":340,"column":0},"end":{"line":340,"column":0}},"340":{"start":{"line":341,"column":0},"end":{"line":341,"column":52}},"341":{"start":{"line":342,"column":0},"end":{"line":342,"column":10}},"342":{"start":{"line":343,"column":0},"end":{"line":343,"column":24}},"343":{"start":{"line":344,"column":0},"end":{"line":344,"column":123}},"344":{"start":{"line":345,"column":0},"end":{"line":345,"column":0}},"345":{"start":{"line":346,"column":0},"end":{"line":346,"column":94}},"346":{"start":{"line":347,"column":0},"end":{"line":347,"column":0}},"347":{"start":{"line":348,"column":0},"end":{"line":348,"column":54}},"348":{"start":{"line":349,"column":0},"end":{"line":349,"column":64}},"349":{"start":{"line":350,"column":0},"end":{"line":350,"column":47}},"350":{"start":{"line":351,"column":0},"end":{"line":351,"column":0}},"351":{"start":{"line":352,"column":0},"end":{"line":352,"column":56}},"352":{"start":{"line":353,"column":0},"end":{"line":353,"column":90}},"353":{"start":{"line":354,"column":0},"end":{"line":354,"column":58}},"354":{"start":{"line":355,"column":0},"end":{"line":355,"column":24}},"355":{"start":{"line":356,"column":0},"end":{"line":356,"column":55}},"356":{"start":{"line":357,"column":0},"end":{"line":357,"column":17}},"357":{"start":{"line":358,"column":0},"end":{"line":358,"column":0}},"358":{"start":{"line":359,"column":0},"end":{"line":359,"column":35}},"359":{"start":{"line":360,"column":0},"end":{"line":360,"column":36}},"360":{"start":{"line":361,"column":0},"end":{"line":361,"column":18}},"361":{"start":{"line":362,"column":0},"end":{"line":362,"column":14}},"362":{"start":{"line":363,"column":0},"end":{"line":363,"column":10}},"363":{"start":{"line":364,"column":0},"end":{"line":364,"column":5}},"364":{"start":{"line":365,"column":0},"end":{"line":365,"column":1}},"365":{"start":{"line":366,"column":0},"end":{"line":366,"column":0}},"366":{"start":{"line":367,"column":0},"end":{"line":367,"column":22}}},"s":{"0":1,"1":1,"2":1,"3":1,"4":1,"5":1,"6":1,"7":1,"8":1,"9":1,"10":1,"11":1,"12":1,"13":1,"14":1,"15":1,"16":1,"17":1,"18":1,"19":1,"20":1,"21":1,"22":1,"23":1,"24":1,"25":1,"26":1,"27":1,"28":1,"29":1,"30":1,"31":1,"32":1,"33":1,"34":1,"35":1,"36":1,"37":1,"38":1,"39":1,"40":1,"41":1,"42":1,"43":1,"44":1,"45":1,"46":1,"47":17,"48":17,"49":17,"50":0,"51":0,"52":17,"53":1,"54":1,"55":12,"56":12,"57":12,"58":58,"59":58,"60":58,"61":58,"62":58,"63":172,"64":172,"65":172,"66":172,"67":172,"68":172,"69":172,"70":172,"71":172,"72":172,"73":172,"74":172,"75":115,"76":115,"77":115,"78":115,"79":115,"80":115,"81":115,"82":115,"83":115,"84":115,"85":115,"86":115,"87":115,"88":115,"89":115,"90":115,"91":115,"92":115,"93":115,"94":115,"95":115,"96":115,"97":115,"98":115,"99":115,"100":115,"101":115,"102":115,"103":115,"104":115,"105":115,"106":115,"107":115,"108":115,"109":115,"110":115,"111":115,"112":115,"113":115,"114":115,"115":115,"116":115,"117":115,"118":115,"119":115,"120":115,"121":115,"122":115,"123":115,"124":115,"125":115,"126":115,"127":115,"128":115,"129":115,"130":115,"131":115,"132":115,"133":115,"134":115,"135":115,"136":115,"137":115,"138":115,"139":172,"140":0,"141":0,"142":0,"143":0,"144":115,"145":115,"146":115,"147":115,"148":115,"149":115,"150":115,"151":115,"152":115,"153":115,"154":115,"155":115,"156":115,"157":115,"158":115,"159":115,"160":29,"161":172,"162":91,"163":91,"164":91,"165":91,"166":91,"167":91,"168":91,"169":91,"170":57,"171":57,"172":57,"173":11,"174":11,"175":11,"176":1,"177":1,"178":12,"179":12,"180":12,"181":12,"182":12,"183":12,"184":55,"185":55,"186":55,"187":12,"188":12,"189":12,"190":12,"191":12,"192":12,"193":12,"194":12,"195":12,"196":12,"197":12,"198":12,"199":12,"200":12,"201":12,"202":12,"203":12,"204":12,"205":12,"206":1,"207":1,"208":12,"209":18,"210":18,"211":18,"212":18,"213":18,"214":18,"215":18,"216":18,"217":18,"218":18,"219":18,"220":18,"221":18,"222":18,"223":18,"224":18,"225":18,"226":18,"227":18,"228":18,"229":18,"230":18,"231":18,"232":18,"233":18,"234":18,"235":18,"236":18,"237":18,"238":18,"239":18,"240":18,"241":18,"242":18,"243":18,"244":18,"245":18,"246":18,"247":18,"248":18,"249":18,"250":18,"251":18,"252":18,"253":18,"254":18,"255":18,"256":18,"257":18,"258":18,"259":18,"260":18,"261":18,"262":18,"263":18,"264":18,"265":18,"266":18,"267":18,"268":18,"269":18,"270":18,"271":18,"272":18,"273":18,"274":18,"275":18,"276":18,"277":18,"278":18,"279":18,"280":18,"281":18,"282":18,"283":18,"284":18,"285":18,"286":18,"287":18,"288":18,"289":18,"290":12,"291":15,"292":15,"293":15,"294":15,"295":15,"296":15,"297":14,"298":14,"299":14,"300":15,"301":13,"302":13,"303":15,"304":15,"305":12,"306":1,"307":1,"308":1,"309":1,"310":12,"311":1,"312":1,"313":1,"314":1,"315":3,"316":1,"317":1,"318":1,"319":1,"320":1,"321":12,"322":17,"323":17,"324":17,"325":17,"326":17,"327":17,"328":17,"329":17,"330":17,"331":17,"332":17,"333":17,"334":17,"335":17,"336":17,"337":17,"338":17,"339":17,"340":17,"341":12,"342":12,"343":0,"344":0,"345":0,"346":0,"347":0,"348":0,"349":0,"350":0,"351":0,"352":0,"353":0,"354":0,"355":0,"356":0,"357":0,"358":0,"359":0,"360":0,"361":0,"362":0,"363":12,"364":12,"365":1,"366":1},"branchMap":{"0":{"type":"branch","line":47,"loc":{"start":{"line":47,"column":18},"end":{"line":53,"column":1}},"locations":[{"start":{"line":47,"column":18},"end":{"line":53,"column":1}}]},"1":{"type":"branch","line":50,"loc":{"start":{"line":50,"column":8},"end":{"line":52,"column":9}},"locations":[{"start":{"line":50,"column":8},"end":{"line":52,"column":9}}]},"2":{"type":"branch","line":55,"loc":{"start":{"line":55,"column":36},"end":{"line":176,"column":1}},"locations":[{"start":{"line":55,"column":36},"end":{"line":176,"column":1}}]},"3":{"type":"branch","line":58,"loc":{"start":{"line":58,"column":48},"end":{"line":173,"column":5}},"locations":[{"start":{"line":58,"column":48},"end":{"line":173,"column":5}}]},"4":{"type":"branch","line":63,"loc":{"start":{"line":63,"column":20},"end":{"line":170,"column":9}},"locations":[{"start":{"line":63,"column":20},"end":{"line":170,"column":9}}]},"5":{"type":"branch","line":75,"loc":{"start":{"line":75,"column":38},"end":{"line":75,"column":43}},"locations":[{"start":{"line":75,"column":38},"end":{"line":75,"column":43}}]},"6":{"type":"branch","line":76,"loc":{"start":{"line":76,"column":-1},"end":{"line":140,"column":53}},"locations":[{"start":{"line":76,"column":-1},"end":{"line":140,"column":53}}]},"7":{"type":"branch","line":140,"loc":{"start":{"line":140,"column":53},"end":{"line":144,"column":13}},"locations":[{"start":{"line":140,"column":53},"end":{"line":144,"column":13}}]},"8":{"type":"branch","line":145,"loc":{"start":{"line":145,"column":-1},"end":{"line":160,"column":41}},"locations":[{"start":{"line":145,"column":-1},"end":{"line":160,"column":41}}]},"9":{"type":"branch","line":160,"loc":{"start":{"line":160,"column":38},"end":{"line":161,"column":79}},"locations":[{"start":{"line":160,"column":38},"end":{"line":161,"column":79}}]},"10":{"type":"branch","line":162,"loc":{"start":{"line":162,"column":14},"end":{"line":162,"column":22}},"locations":[{"start":{"line":162,"column":14},"end":{"line":162,"column":22}}]},"11":{"type":"branch","line":163,"loc":{"start":{"line":163,"column":-1},"end":{"line":170,"column":9}},"locations":[{"start":{"line":163,"column":-1},"end":{"line":170,"column":9}}]},"12":{"type":"branch","line":171,"loc":{"start":{"line":171,"column":-1},"end":{"line":173,"column":5}},"locations":[{"start":{"line":171,"column":-1},"end":{"line":173,"column":5}}]},"13":{"type":"branch","line":174,"loc":{"start":{"line":174,"column":-1},"end":{"line":176,"column":1}},"locations":[{"start":{"line":174,"column":-1},"end":{"line":176,"column":1}}]},"14":{"type":"branch","line":178,"loc":{"start":{"line":178,"column":16},"end":{"line":365,"column":1}},"locations":[{"start":{"line":178,"column":16},"end":{"line":365,"column":1}}]},"15":{"type":"branch","line":179,"loc":{"start":{"line":179,"column":72},"end":{"line":179,"column":119}},"locations":[{"start":{"line":179,"column":72},"end":{"line":179,"column":119}}]},"16":{"type":"branch","line":184,"loc":{"start":{"line":184,"column":8},"end":{"line":188,"column":9}},"locations":[{"start":{"line":184,"column":8},"end":{"line":188,"column":9}}]},"17":{"type":"branch","line":206,"loc":{"start":{"line":206,"column":14},"end":{"line":208,"column":10}},"locations":[{"start":{"line":206,"column":14},"end":{"line":208,"column":10}}]},"18":{"type":"branch","line":209,"loc":{"start":{"line":209,"column":14},"end":{"line":290,"column":10}},"locations":[{"start":{"line":209,"column":14},"end":{"line":290,"column":10}}]},"19":{"type":"branch","line":211,"loc":{"start":{"line":211,"column":16},"end":{"line":211,"column":73}},"locations":[{"start":{"line":211,"column":16},"end":{"line":211,"column":73}}]},"20":{"type":"branch","line":233,"loc":{"start":{"line":233,"column":42},"end":{"line":289,"column":14}},"locations":[{"start":{"line":233,"column":42},"end":{"line":289,"column":14}}]},"21":{"type":"branch","line":233,"loc":{"start":{"line":233,"column":59},"end":{"line":289,"column":13}},"locations":[{"start":{"line":233,"column":59},"end":{"line":289,"column":13}}]},"22":{"type":"branch","line":291,"loc":{"start":{"line":291,"column":14},"end":{"line":305,"column":10}},"locations":[{"start":{"line":291,"column":14},"end":{"line":305,"column":10}}]},"23":{"type":"branch","line":292,"loc":{"start":{"line":292,"column":41},"end":{"line":304,"column":14}},"locations":[{"start":{"line":292,"column":41},"end":{"line":304,"column":14}}]},"24":{"type":"branch","line":292,"loc":{"start":{"line":292,"column":58},"end":{"line":304,"column":13}},"locations":[{"start":{"line":292,"column":58},"end":{"line":304,"column":13}}]},"25":{"type":"branch","line":297,"loc":{"start":{"line":297,"column":32},"end":{"line":297,"column":43}},"locations":[{"start":{"line":297,"column":32},"end":{"line":297,"column":43}}]},"26":{"type":"branch","line":298,"loc":{"start":{"line":298,"column":-1},"end":{"line":301,"column":55}},"locations":[{"start":{"line":298,"column":-1},"end":{"line":301,"column":55}}]},"27":{"type":"branch","line":301,"loc":{"start":{"line":301,"column":48},"end":{"line":301,"column":59}},"locations":[{"start":{"line":301,"column":48},"end":{"line":301,"column":59}}]},"28":{"type":"branch","line":302,"loc":{"start":{"line":302,"column":-1},"end":{"line":304,"column":13}},"locations":[{"start":{"line":302,"column":-1},"end":{"line":304,"column":13}}]},"29":{"type":"branch","line":306,"loc":{"start":{"line":306,"column":14},"end":{"line":310,"column":10}},"locations":[{"start":{"line":306,"column":14},"end":{"line":310,"column":10}}]},"30":{"type":"branch","line":307,"loc":{"start":{"line":307,"column":41},"end":{"line":308,"column":55}},"locations":[{"start":{"line":307,"column":41},"end":{"line":308,"column":55}}]},"31":{"type":"branch","line":308,"loc":{"start":{"line":308,"column":-1},"end":{"line":308,"column":55}},"locations":[{"start":{"line":308,"column":-1},"end":{"line":308,"column":55}}]},"32":{"type":"branch","line":311,"loc":{"start":{"line":311,"column":14},"end":{"line":321,"column":10}},"locations":[{"start":{"line":311,"column":14},"end":{"line":321,"column":10}}]},"33":{"type":"branch","line":312,"loc":{"start":{"line":312,"column":41},"end":{"line":319,"column":21}},"locations":[{"start":{"line":312,"column":41},"end":{"line":319,"column":21}}]},"34":{"type":"branch","line":312,"loc":{"start":{"line":312,"column":58},"end":{"line":319,"column":21}},"locations":[{"start":{"line":312,"column":58},"end":{"line":319,"column":21}}]},"35":{"type":"branch","line":315,"loc":{"start":{"line":315,"column":24},"end":{"line":316,"column":78}},"locations":[{"start":{"line":315,"column":24},"end":{"line":316,"column":78}}]},"36":{"type":"branch","line":322,"loc":{"start":{"line":322,"column":8},"end":{"line":342,"column":9}},"locations":[{"start":{"line":322,"column":8},"end":{"line":342,"column":9}}]}},"b":{"0":[17],"1":[0],"2":[12],"3":[58],"4":[172],"5":[57],"6":[115],"7":[0],"8":[115],"9":[29],"10":[24],"11":[91],"12":[57],"13":[11],"14":[12],"15":[78],"16":[55],"17":[1],"18":[18],"19":[0],"20":[18],"21":[18],"22":[15],"23":[15],"24":[15],"25":[1],"26":[14],"27":[1],"28":[13],"29":[1],"30":[1],"31":[1],"32":[1],"33":[1],"34":[1],"35":[3],"36":[17]},"fnMap":{"0":{"name":"checkHash","decl":{"start":{"line":47,"column":18},"end":{"line":53,"column":1}},"loc":{"start":{"line":47,"column":18},"end":{"line":53,"column":1}},"line":47},"1":{"name":"buildKeyDirFromFiles","decl":{"start":{"line":55,"column":36},"end":{"line":176,"column":1}},"loc":{"start":{"line":55,"column":36},"end":{"line":176,"column":1}},"line":55},"2":{"name":"Bitcask","decl":{"start":{"line":178,"column":16},"end":{"line":365,"column":1}},"loc":{"start":{"line":178,"column":16},"end":{"line":365,"column":1}},"line":178},"3":{"name":"delete","decl":{"start":{"line":206,"column":14},"end":{"line":208,"column":10}},"loc":{"start":{"line":206,"column":14},"end":{"line":208,"column":10}},"line":206},"4":{"name":"put","decl":{"start":{"line":209,"column":14},"end":{"line":290,"column":10}},"loc":{"start":{"line":209,"column":14},"end":{"line":290,"column":10}},"line":209},"5":{"name":"get","decl":{"start":{"line":291,"column":14},"end":{"line":305,"column":10}},"loc":{"start":{"line":291,"column":14},"end":{"line":305,"column":10}},"line":291},"6":{"name":"listKeys","decl":{"start":{"line":306,"column":14},"end":{"line":310,"column":10}},"loc":{"start":{"line":306,"column":14},"end":{"line":310,"column":10}},"line":306},"7":{"name":"fold","decl":{"start":{"line":311,"column":14},"end":{"line":321,"column":10}},"loc":{"start":{"line":311,"column":14},"end":{"line":321,"column":10}},"line":311},"8":{"name":"getValueByEntryHint","decl":{"start":{"line":322,"column":8},"end":{"line":342,"column":9}},"loc":{"start":{"line":322,"column":8},"end":{"line":342,"column":9}},"line":322},"9":{"name":"merge","decl":{"start":{"line":343,"column":14},"end":{"line":363,"column":10}},"loc":{"start":{"line":343,"column":14},"end":{"line":363,"column":10}},"line":343}},"f":{"0":17,"1":12,"2":12,"3":1,"4":18,"5":15,"6":1,"7":1,"8":17,"9":0}}
}
