TN:
SF:src/index.ts
FN:46,buildKeyDirFromFiles
FN:164,Bitcask
FN:190,delete
FN:193,put
FN:265,get
FN:280,listKeys
FN:285,fold
FN:296,getValueByEntryHint
FNF:8
FNH:8
FNDA:9,buildKeyDirFromFiles
FNDA:9,Bitcask
FNDA:1,delete
FNDA:12,put
FNDA:7,get
FNDA:1,listKeys
FNDA:1,fold
FNDA:9,getValueByEntryHint
DA:1,1
DA:2,1
DA:3,1
DA:4,1
DA:5,1
DA:6,1
DA:7,1
DA:8,1
DA:9,1
DA:10,1
DA:11,1
DA:12,1
DA:13,1
DA:14,1
DA:15,1
DA:16,1
DA:17,1
DA:18,1
DA:19,1
DA:20,1
DA:21,1
DA:22,1
DA:23,1
DA:24,1
DA:25,1
DA:26,1
DA:27,1
DA:28,1
DA:29,1
DA:30,1
DA:31,1
DA:32,1
DA:33,1
DA:34,1
DA:35,1
DA:36,1
DA:37,1
DA:38,1
DA:39,1
DA:40,1
DA:41,1
DA:42,1
DA:43,1
DA:44,1
DA:45,1
DA:46,1
DA:47,9
DA:48,9
DA:49,9
DA:50,22
DA:51,22
DA:52,22
DA:53,22
DA:54,22
DA:55,70
DA:56,70
DA:57,70
DA:58,70
DA:59,70
DA:60,70
DA:61,70
DA:62,70
DA:63,70
DA:64,70
DA:65,70
DA:66,70
DA:67,48
DA:68,48
DA:69,48
DA:70,48
DA:71,48
DA:72,48
DA:73,48
DA:74,48
DA:75,48
DA:76,48
DA:77,48
DA:78,48
DA:79,48
DA:80,48
DA:81,48
DA:82,48
DA:83,48
DA:84,48
DA:85,48
DA:86,48
DA:87,48
DA:88,48
DA:89,48
DA:90,48
DA:91,48
DA:92,48
DA:93,48
DA:94,48
DA:95,48
DA:96,48
DA:97,48
DA:98,48
DA:99,48
DA:100,48
DA:101,48
DA:102,48
DA:103,48
DA:104,48
DA:105,48
DA:106,48
DA:107,48
DA:108,48
DA:109,48
DA:110,48
DA:111,48
DA:112,48
DA:113,48
DA:114,48
DA:115,48
DA:116,48
DA:117,48
DA:118,48
DA:119,48
DA:120,48
DA:121,48
DA:122,48
DA:123,48
DA:124,48
DA:125,48
DA:126,48
DA:127,48
DA:128,48
DA:129,48
DA:130,48
DA:131,48
DA:132,70
DA:133,0
DA:134,0
DA:135,48
DA:136,48
DA:137,48
DA:138,48
DA:139,48
DA:140,48
DA:141,48
DA:142,48
DA:143,48
DA:144,48
DA:145,48
DA:146,48
DA:147,48
DA:148,48
DA:149,48
DA:150,48
DA:151,48
DA:152,48
DA:153,48
DA:154,48
DA:155,48
DA:156,48
DA:157,22
DA:158,22
DA:159,22
DA:160,9
DA:161,9
DA:162,9
DA:163,1
DA:164,1
DA:165,9
DA:166,9
DA:167,9
DA:168,9
DA:169,9
DA:170,9
DA:171,9
DA:172,9
DA:173,9
DA:174,9
DA:175,9
DA:176,9
DA:177,9
DA:178,9
DA:179,9
DA:180,9
DA:181,9
DA:182,9
DA:183,9
DA:184,9
DA:185,9
DA:186,9
DA:187,9
DA:188,9
DA:189,9
DA:190,9
DA:191,1
DA:192,1
DA:193,9
DA:194,12
DA:195,12
DA:196,11
DA:197,11
DA:198,11
DA:199,11
DA:200,11
DA:201,11
DA:202,11
DA:203,11
DA:204,11
DA:205,11
DA:206,11
DA:207,11
DA:208,11
DA:209,11
DA:210,11
DA:211,11
DA:212,11
DA:213,11
DA:214,11
DA:215,11
DA:216,11
DA:217,11
DA:218,11
DA:219,11
DA:220,11
DA:221,11
DA:222,11
DA:223,11
DA:224,11
DA:225,11
DA:226,11
DA:227,11
DA:228,11
DA:229,11
DA:230,11
DA:231,11
DA:232,11
DA:233,11
DA:234,11
DA:235,11
DA:236,11
DA:237,11
DA:238,11
DA:239,11
DA:240,11
DA:241,11
DA:242,11
DA:243,11
DA:244,11
DA:245,11
DA:246,11
DA:247,11
DA:248,11
DA:249,11
DA:250,11
DA:251,11
DA:252,11
DA:253,11
DA:254,11
DA:255,11
DA:256,11
DA:257,11
DA:258,11
DA:259,11
DA:260,11
DA:261,11
DA:262,11
DA:263,11
DA:264,12
DA:265,9
DA:266,7
DA:267,7
DA:268,7
DA:269,7
DA:270,7
DA:271,7
DA:272,6
DA:273,6
DA:274,6
DA:275,7
DA:276,5
DA:277,5
DA:278,7
DA:279,7
DA:280,9
DA:281,1
DA:282,1
DA:283,1
DA:284,1
DA:285,9
DA:286,1
DA:287,1
DA:288,1
DA:289,1
DA:290,3
DA:291,1
DA:292,1
DA:293,1
DA:294,1
DA:295,1
DA:296,9
DA:297,9
DA:298,9
DA:299,9
DA:300,9
DA:301,9
DA:302,9
DA:303,9
DA:304,9
DA:305,9
DA:306,9
DA:307,9
DA:308,9
DA:309,9
DA:310,1
DA:311,1
LF:311
LH:309
BRDA:46,0,0,9
BRDA:49,1,0,22
BRDA:54,2,0,70
BRDA:66,3,0,22
BRDA:67,4,0,48
BRDA:132,5,0,0
BRDA:135,6,0,48
BRDA:164,7,0,9
BRDA:165,8,0,31
BRDA:170,9,0,22
BRDA:172,10,0,22
BRDA:172,11,0,0
BRDA:190,12,0,1
BRDA:193,13,0,12
BRDA:195,14,0,1
BRDA:196,15,0,11
BRDA:217,16,0,11
BRDA:217,17,0,11
BRDA:265,18,0,7
BRDA:266,19,0,7
BRDA:266,20,0,7
BRDA:271,21,0,1
BRDA:272,22,0,6
BRDA:275,23,0,1
BRDA:276,24,0,5
BRDA:280,25,0,1
BRDA:281,26,0,1
BRDA:282,27,0,1
BRDA:285,28,0,1
BRDA:286,29,0,1
BRDA:286,30,0,1
BRDA:289,31,0,3
BRDA:296,32,0,9
BRF:33
BRH:31
end_of_record
