TN:
SF:src/index.ts
FN:46,checkHash
FN:54,buildKeyDirFromFiles
FN:157,Bitcask
FN:185,delete
FN:188,put
FN:270,get
FN:285,listKeys
FN:290,fold
FN:301,getValueByEntryHint
FNF:9
FNH:9
FNDA:15,checkHash
FNDA:10,buildKeyDirFromFiles
FNDA:10,Bitcask
FNDA:1,delete
FNDA:18,put
FNDA:13,get
FNDA:1,listKeys
FNDA:1,fold
FNDA:15,getValueByEntryHint
DA:1,1
DA:2,1
DA:3,1
DA:4,1
DA:5,1
DA:6,1
DA:7,1
DA:8,1
DA:9,1
DA:10,1
DA:11,1
DA:12,1
DA:13,1
DA:14,1
DA:15,1
DA:16,1
DA:17,1
DA:18,1
DA:19,1
DA:20,1
DA:21,1
DA:22,1
DA:23,1
DA:24,1
DA:25,1
DA:26,1
DA:27,1
DA:28,1
DA:29,1
DA:30,1
DA:31,1
DA:32,1
DA:33,1
DA:34,1
DA:35,1
DA:36,1
DA:37,1
DA:38,1
DA:39,1
DA:40,1
DA:41,1
DA:42,1
DA:43,1
DA:44,1
DA:45,1
DA:46,1
DA:47,15
DA:48,15
DA:49,15
DA:50,0
DA:51,0
DA:52,15
DA:53,1
DA:54,1
DA:55,10
DA:56,10
DA:57,10
DA:58,45
DA:59,45
DA:60,45
DA:61,45
DA:62,45
DA:63,124
DA:64,124
DA:65,124
DA:66,124
DA:67,124
DA:68,124
DA:69,124
DA:70,124
DA:71,124
DA:72,124
DA:73,124
DA:74,124
DA:75,79
DA:76,79
DA:77,79
DA:78,79
DA:79,79
DA:80,79
DA:81,79
DA:82,79
DA:83,79
DA:84,79
DA:85,79
DA:86,79
DA:87,79
DA:88,79
DA:89,79
DA:90,79
DA:91,79
DA:92,79
DA:93,79
DA:94,79
DA:95,79
DA:96,79
DA:97,79
DA:98,79
DA:99,79
DA:100,79
DA:101,79
DA:102,79
DA:103,79
DA:104,79
DA:105,79
DA:106,79
DA:107,79
DA:108,79
DA:109,79
DA:110,79
DA:111,79
DA:112,79
DA:113,79
DA:114,79
DA:115,79
DA:116,79
DA:117,79
DA:118,79
DA:119,79
DA:120,79
DA:121,79
DA:122,79
DA:123,79
DA:124,79
DA:125,79
DA:126,124
DA:127,0
DA:128,0
DA:129,79
DA:130,79
DA:131,79
DA:132,79
DA:133,79
DA:134,79
DA:135,79
DA:136,79
DA:137,79
DA:138,79
DA:139,79
DA:140,79
DA:141,79
DA:142,79
DA:143,79
DA:144,79
DA:145,79
DA:146,79
DA:147,79
DA:148,79
DA:149,79
DA:150,45
DA:151,45
DA:152,45
DA:153,10
DA:154,10
DA:155,10
DA:156,1
DA:157,1
DA:158,10
DA:159,10
DA:160,10
DA:161,10
DA:162,10
DA:163,10
DA:164,45
DA:165,45
DA:166,45
DA:167,10
DA:168,10
DA:169,10
DA:170,10
DA:171,10
DA:172,10
DA:173,10
DA:174,10
DA:175,10
DA:176,10
DA:177,10
DA:178,10
DA:179,10
DA:180,10
DA:181,10
DA:182,10
DA:183,10
DA:184,10
DA:185,10
DA:186,1
DA:187,1
DA:188,10
DA:189,18
DA:190,18
DA:191,17
DA:192,17
DA:193,17
DA:194,17
DA:195,17
DA:196,17
DA:197,17
DA:198,17
DA:199,17
DA:200,17
DA:201,17
DA:202,17
DA:203,17
DA:204,17
DA:205,17
DA:206,17
DA:207,17
DA:208,17
DA:209,17
DA:210,17
DA:211,17
DA:212,17
DA:213,17
DA:214,17
DA:215,17
DA:216,17
DA:217,17
DA:218,17
DA:219,17
DA:220,17
DA:221,17
DA:222,17
DA:223,17
DA:224,17
DA:225,17
DA:226,17
DA:227,17
DA:228,17
DA:229,17
DA:230,17
DA:231,17
DA:232,17
DA:233,17
DA:234,17
DA:235,17
DA:236,17
DA:237,17
DA:238,17
DA:239,17
DA:240,17
DA:241,17
DA:242,17
DA:243,17
DA:244,17
DA:245,17
DA:246,17
DA:247,17
DA:248,17
DA:249,17
DA:250,17
DA:251,17
DA:252,17
DA:253,17
DA:254,17
DA:255,17
DA:256,17
DA:257,17
DA:258,17
DA:259,17
DA:260,17
DA:261,17
DA:262,17
DA:263,17
DA:264,17
DA:265,17
DA:266,17
DA:267,17
DA:268,17
DA:269,18
DA:270,10
DA:271,13
DA:272,13
DA:273,13
DA:274,13
DA:275,13
DA:276,13
DA:277,12
DA:278,12
DA:279,12
DA:280,13
DA:281,11
DA:282,11
DA:283,13
DA:284,13
DA:285,10
DA:286,1
DA:287,1
DA:288,1
DA:289,1
DA:290,10
DA:291,1
DA:292,1
DA:293,1
DA:294,1
DA:295,3
DA:296,1
DA:297,1
DA:298,1
DA:299,1
DA:300,1
DA:301,10
DA:302,15
DA:303,15
DA:304,15
DA:305,15
DA:306,15
DA:307,15
DA:308,15
DA:309,15
DA:310,15
DA:311,15
DA:312,15
DA:313,15
DA:314,15
DA:315,15
DA:316,15
DA:317,15
DA:318,15
DA:319,15
DA:320,15
DA:321,15
DA:322,10
DA:323,10
DA:324,1
DA:325,1
LF:325
LH:321
BRDA:46,0,0,15
BRDA:49,1,0,0
BRDA:54,2,0,10
BRDA:57,3,0,45
BRDA:62,4,0,124
BRDA:74,5,0,45
BRDA:75,6,0,79
BRDA:126,7,0,0
BRDA:129,8,0,79
BRDA:157,9,0,10
BRDA:158,10,0,55
BRDA:163,11,0,45
BRDA:185,12,0,1
BRDA:188,13,0,18
BRDA:190,14,0,1
BRDA:191,15,0,17
BRDA:212,16,0,17
BRDA:212,17,0,17
BRDA:270,18,0,13
BRDA:271,19,0,13
BRDA:271,20,0,13
BRDA:276,21,0,1
BRDA:277,22,0,12
BRDA:280,23,0,1
BRDA:281,24,0,11
BRDA:285,25,0,1
BRDA:286,26,0,1
BRDA:287,27,0,1
BRDA:290,28,0,1
BRDA:291,29,0,1
BRDA:291,30,0,1
BRDA:294,31,0,3
BRDA:301,32,0,15
BRF:33
BRH:31
end_of_record
